<?xml version="1.0" encoding="UTF-8"?>
<!-- Generated by org.testng.reporters.JUnitReportReporter -->
<testsuite hostname="DESKTOP-ICLD36V" failures="0" tests="1" name="Runner.testng" time="92.922" errors="0" timestamp="2024-07-08T21:45:53 IST" skipped="0">
  <testcase classname="Runner.testng" name="runScenario" time="92.922"/>
  <system-out/>
</testsuite> <!-- Runner.testng -->
